hostname deixsb bybauh [08/Jul/2020:01:06:41 +0000] "HEAD http://my.site.com/pages/cibd.php HTTP/1.1" 100 8337
hostname dkohuf altaup [08/Jul/2020:01:06:41 +0000] "POST http://my.site.com/home/bid/puopfinr/enz.php HTTP/1.1" 100 8163
hostname czbwla dfclkw [08/Jul/2020:01:06:41 +0000] "PUT http://my.site.com/home/svi HTTP/1.1" 200 8455
hostname edndcr dxynro [08/Jul/2020:01:06:41 +0000] "GET http://my.site.com/pages/ufukhwyjwx/ofzqnrvdhb/zjqhrnhbm.html HTTP/1.1" 300 2555
hostname bveasw wwgimc [08/Jul/2020:01:06:41 +0000] "GET http://my.site.com/pages/ckm/zttiadyzla HTTP/1.1" 300 1300
hostname qgwyfg nqstqk [08/Jul/2020:01:06:42 +0000] "POST http://my.site.com/pages/jhocio/hfbpxk/kytuajema/fpqth HTTP/1.1" 200 6494
hostname zsbxck piqgxy [08/Jul/2020:01:06:42 +0000] "OPTIONS / HTTP/1.1" 600 2809
hostname ktzuec towqoo [08/Jul/2020:01:06:42 +0000] "POST http://my.site.com/pages/lcd.php HTTP/1.1" 400 2836
hostname tyapof cekmjg [08/Jul/2020:01:06:42 +0000] "OPTIONS http://my.site.com/pages/ftwprzpk/wqgchrm.php HTTP/1.1" 600 3491
hostname nsrswq aesovj [08/Jul/2020:01:06:42 +0000] "PUT http://my.site.com/pages/sfsbx/ytytnype/utpidyngc/wxo.php HTTP/1.1" 100 436
hostname zumoif piaogc [08/Jul/2020:01:06:42 +0000] "POST http://my.site.com/home/sdzxzkqdof/hedh/cizdofdyet.html HTTP/1.1" 600 4617
hostname wfcsxl qjlkle [08/Jul/2020:01:06:42 +0000] "OPTIONS / HTTP/1.1" 600 4766
hostname yxctlv wwippe [08/Jul/2020:01:06:42 +0000] "POST / HTTP/1.1" 100 6021
hostname miifjf cmparq [08/Jul/2020:01:06:42 +0000] "GET http://my.site.com/pages/rcvzon/crqyw.html HTTP/1.1" 300 2351
hostname qycdjz hziahl [08/Jul/2020:01:06:42 +0000] "GET / HTTP/1.1" 600 3346
hostname gynhcp ftnpsz [08/Jul/2020:01:06:43 +0000] "PUT http://my.site.com/pages/nbgnr/hthpvlxl.html HTTP/1.1" 100 1831
hostname wsaurr kugpuk [08/Jul/2020:01:06:43 +0000] "PUT http://my.site.com/home/hnxrok/oeeitmx/pgynkld/peunshs.php HTTP/1.1" 100 9085
hostname pvrvhc meyopi [08/Jul/2020:01:06:43 +0000] "POST http://my.site.com/pages/zrbplryh.html HTTP/1.1" 300 2388
hostname gjnrcc ldtsfe [08/Jul/2020:01:06:43 +0000] "HEAD http://my.site.com/home/pmzyty/uxs/aag/ppkb.php HTTP/1.1" 200 8708
hostname hyhrhv lqovqm [08/Jul/2020:01:06:43 +0000] "OPTIONS http://my.site.com/home/rjwfiovt/lha/fhvqsohabw.php HTTP/1.1" 600 1362
hostname ccllzm ohfclj [08/Jul/2020:01:06:43 +0000] "OPTIONS http://my.site.com/pages/ HTTP/1.1" 600 8098
hostname kcklmn ffceeh [08/Jul/2020:01:06:43 +0000] "HEAD http://my.site.com/pages/thrxev/vxda HTTP/1.1" 300 9736
hostname exfnkg hovgxf [08/Jul/2020:01:06:43 +0000] "PUT / HTTP/1.1" 200 5519
hostname pmzkrd yulmwq [08/Jul/2020:01:06:43 +0000] "HEAD http://my.site.com/home/hulklbai/kbukmrqavv HTTP/1.1" 600 2201
hostname tngbav rcdxwi [08/Jul/2020:01:06:43 +0000] "POST http://my.site.com/pages/ HTTP/1.1" 600 9197
hostname dmusmo mlmdzb [08/Jul/2020:01:06:44 +0000] "OPTIONS / HTTP/1.1" 500 892
hostname uehxru mgfzco [08/Jul/2020:01:06:44 +0000] "PUT http://my.site.com/pages/jjaed HTTP/1.1" 400 4918
hostname fqxvfw xrtytg [08/Jul/2020:01:06:44 +0000] "PUT http://my.site.com/home/ HTTP/1.1" 200 3432
hostname gnctks xysksk [08/Jul/2020:01:06:44 +0000] "POST http://my.site.com/home/prghcilod.php HTTP/1.1" 500 2512
hostname cejjlw dvvzrs [08/Jul/2020:01:06:44 +0000] "PUT http://my.site.com/home/ HTTP/1.1" 300 1597
hostname pduwhb byrckw [08/Jul/2020:01:06:44 +0000] "PUT http://my.site.com/pages/ HTTP/1.1" 100 6823
hostname yyjpux brghvi [08/Jul/2020:01:06:44 +0000] "PUT / HTTP/1.1" 200 9086
hostname njsiwc liuoir [08/Jul/2020:01:06:44 +0000] "PUT http://my.site.com/pages/ruwsbecup/dtxvfgyy.php HTTP/1.1" 300 5686
hostname zjyopz wwntvf [08/Jul/2020:01:06:44 +0000] "GET / HTTP/1.1" 200 8618
hostname ojfuqg pwjpyo [08/Jul/2020:01:06:45 +0000] "HEAD http://my.site.com/pages/pnwxsn/fvdpt.html HTTP/1.1" 300 3863
hostname dypnbo fkqicr [08/Jul/2020:01:06:45 +0000] "HEAD / HTTP/1.1" 400 6061
hostname xawnvv zyqmlj [08/Jul/2020:01:06:45 +0000] "PUT http://my.site.com/pages/hqdk/zzg/gzwyr/ngrehlhca.html HTTP/1.1" 600 617
hostname zclnbk xgftsn [08/Jul/2020:01:06:45 +0000] "GET http://my.site.com/pages/oxpzrdfq.php HTTP/1.1" 300 305
hostname ghgtab ashufq [08/Jul/2020:01:06:45 +0000] "PUT / HTTP/1.1" 200 7979
hostname slwobh wwrnjd [08/Jul/2020:01:06:45 +0000] "GET http://my.site.com/pages/hocdvd.html HTTP/1.1" 500 4463
hostname lwqtqv liuetk [08/Jul/2020:01:06:45 +0000] "OPTIONS http://my.site.com/home/ozuekws/bdravsc/jajfut.php HTTP/1.1" 300 7478
hostname ntmonw hsrdwd [08/Jul/2020:01:06:45 +0000] "POST / HTTP/1.1" 400 473
hostname snctad wgtrtl [08/Jul/2020:01:06:45 +0000] "POST http://my.site.com/pages/nzs.html HTTP/1.1" 200 2277
hostname vonjqc irhhfn [08/Jul/2020:01:06:45 +0000] "GET http://my.site.com/pages/ HTTP/1.1" 500 5956
#hostname guofpw dzycuy [08/Jul/2020:01:06:46 +0000] "HEAD http://my.site.com/home/rsxa.php HTTP/1.1" 200 2921
hostname gffnin nrtcqt [08/Jul/2020:01:06:46 +0000] "PUT http://my.site.com/pages/xjc HTTP/1.1" 200 6483
hostname ubernr damyej [08/Jul/2020:01:06:46 +0000] "POST / HTTP/1.1" 300 5174
hostname jaagqk mdgkvw [08/Jul/2020:01:06:46 +0000] "HEAD / HTTP/1.1" 500 5720
#hostname whcsyl ubbbws [08/Jul/2020:01:06:46 +0000] "PUT http://my.site.com/home/ HTTP/1.1" 500 4113
hostname mrkfut qnehkx [08/Jul/2020:01:06:46 +0000] "HEAD http://my.site.com/pages/xfxbs/ztb/xllxfdjs/gvp.html HTTP/1.1" 400 9805
hostname zgxscv ukecqn [08/Jul/2020:01:06:46 +0000] "GET http://my.site.com/home/odazmyce.html HTTP/1.1" 400 1901
hostname dmdcjf lxngyq [08/Jul/2020:01:06:46 +0000] "HEAD / HTTP/1.1" 500 4973
hostname bwynga wepxra [08/Jul/2020:01:06:46 +0000] "HEAD / HTTP/1.1" 100 4172
hostname hojgrh nekzmv [08/Jul/2020:01:06:46 +0000] "HEAD http://my.site.com/home/wcs/bkwcdblewk/ddetcmwh.html HTTP/1.1" 300 3443
hostname wdgyiq vccszs [08/Jul/2020:01:06:47 +0000] "GET http://my.site.com/home/dllhssy/ejp/ohidhoyzl HTTP/1.1" 500 3937
hostname zuywkq jtfais [08/Jul/2020:01:06:47 +0000] "POST http://my.site.com/pages/xcoxrkrwbz/lrszoma HTTP/1.1" 400 3437
hostname rchrjl ycjjkl [08/Jul/2020:01:06:47 +0000] "POST http://my.site.com/pages/rjn/yuzzou/woyjot/uacjglof.php HTTP/1.1" 400 8613
hostname xjkrbu axmjzi [08/Jul/2020:01:06:47 +0000] "PUT / HTTP/1.1" 500 4065
hostname vcxfvm rlhmic [08/Jul/2020:01:06:47 +0000] "GET / HTTP/1.1" 300 7259
hostname hvhxbs wggvum [08/Jul/2020:01:06:47 +0000] "PUT http://my.site.com/home/ekapc/ird/nve/wzoqc HTTP/1.1" 100 602
hostname peqdut yoakay [08/Jul/2020:01:06:47 +0000] "HEAD http://my.site.com/home/sgwdiqp/rnudjam/nlxf/qauxkwsyu HTTP/1.1" 100 2493
hostname acgdde rhcluc [08/Jul/2020:01:06:47 +0000] "PUT / HTTP/1.1" 100 9250
hostname kfnogx mzpiuz [08/Jul/2020:01:06:47 +0000] "OPTIONS http://my.site.com/pages/ HTTP/1.1" 400 8493
hostname vdrzbi lsapfe [08/Jul/2020:01:06:47 +0000] "POST http://my.site.com/pages/ HTTP/1.1" 100 8359
hostname tmswgt cqrrkh [08/Jul/2020:01:06:48 +0000] "OPTIONS / HTTP/1.1" 500 8212
hostname qejvnr bxmsll [08/Jul/2020:01:06:48 +0000] "POST / HTTP/1.1" 600 1276
hostname skvfpe dmivus [08/Jul/2020:01:06:48 +0000] "HEAD / HTTP/1.1" 500 1189
hostname eearja gjyzvy [08/Jul/2020:01:06:48 +0000] "HEAD http://my.site.com/home/grr/rfdy.php HTTP/1.1" 500 3710
hostname yblxab shhmwg [08/Jul/2020:01:06:48 +0000] "HEAD / HTTP/1.1" 400 8511
hostname fajevw kikwyn [08/Jul/2020:01:06:48 +0000] "POST http://my.site.com/home/ HTTP/1.1" 100 6777
hostname jikgdf jgdguc [08/Jul/2020:01:06:48 +0000] "HEAD http://my.site.com/pages/belahsh/ecqaorl.html HTTP/1.1" 500 1924
hostname mxuhpp tuxwjb [08/Jul/2020:01:06:48 +0000] "POST http://my.site.com/pages/cpuuoflqyz/shqfko.php HTTP/1.1" 400 5500
hostname rgveqm jqpxhn [08/Jul/2020:01:06:48 +0000] "OPTIONS / HTTP/1.1" 300 8344
hostname dlfrru jnggvc [08/Jul/2020:01:06:48 +0000] "PUT / HTTP/1.1" 600 8088
hostname adyewv izyctq [08/Jul/2020:01:06:49 +0000] "OPTIONS http://my.site.com/home/tuiqkiyi/dxsqhhtl/anznftgohw/kcspgwmjq HTTP/1.1" 100 3353
hostname pdwhbh kfnhnw [08/Jul/2020:01:06:49 +0000] "POST / HTTP/1.1" 100 8698
hostname cwbzjv tbrxkz [08/Jul/2020:01:06:49 +0000] "HEAD http://my.site.com/home/unfqkblqd/vhbahrvgzc/zwhlc/gail HTTP/1.1" 100 5798
hostname enxjhx wogoud [08/Jul/2020:01:06:49 +0000] "PUT http://my.site.com/home/ HTTP/1.1" 100 6172
hostname wtcmuj kemxxy [08/Jul/2020:01:06:49 +0000] "GET http://my.site.com/pages/owqhkpfb/pmvtdrmfcg HTTP/1.1" 200 8353
hostname hgjhob tmried [08/Jul/2020:01:06:49 +0000] "HEAD http://my.site.com/pages/ HTTP/1.1" 100 8617
hostname lpmgqu ihokwx [08/Jul/2020:01:06:49 +0000] "GET http://my.site.com/home/rytcaslaf.php HTTP/1.1" 500 935
hostname jusnkv whxali [08/Jul/2020:01:06:49 +0000] "PUT http://my.site.com/home/xktxsukg/xwgsvqyzam/qhfqiq.php HTTP/1.1" 200 2416
hostname jkmiwa jmxruh [08/Jul/2020:01:06:49 +0000] "GET http://my.site.com/pages/hcjva/fnqgy/rtol HTTP/1.1" 300 3681
hostname rovymv lyjlsf [08/Jul/2020:01:06:49 +0000] "HEAD / HTTP/1.1" 500 8221
hostname equpjh frhghw [08/Jul/2020:01:06:50 +0000] "OPTIONS / HTTP/1.1" 500 5229
hostname vcambs wggbew [08/Jul/2020:01:06:50 +0000] "HEAD / HTTP/1.1" 200 2357
hostname musndi hpskej [08/Jul/2020:01:06:50 +0000] "OPTIONS http://my.site.com/home/gpruerwxw/cpfpedrapx/qtghf.html HTTP/1.1" 600 7009
hostname psaszp zcotkd [08/Jul/2020:01:06:50 +0000] "GET http://my.site.com/pages/ltngjxd/bfcmbojb.html HTTP/1.1" 600 8577
hostname nevtgh qhgxku [08/Jul/2020:01:06:50 +0000] "OPTIONS http://my.site.com/home/upoq/pcejdagb.php HTTP/1.1" 300 6364
hostname yqpria itizex [08/Jul/2020:01:06:50 +0000] "GET http://my.site.com/home/ HTTP/1.1" 200 2383
hostname vvprqo oecodz [08/Jul/2020:01:06:50 +0000] "POST http://my.site.com/pages/gvvyuavc/gwnxnghcm/rtbjjohzu/htrotdby.html HTTP/1.1" 300 4767
hostname wijelw sapkmw [08/Jul/2020:01:06:50 +0000] "HEAD http://my.site.com/home/erdreelfiv/wrzqapfvz/mvlivlaxb HTTP/1.1" 200 6721
hostname mnfdlt kllean [08/Jul/2020:01:06:50 +0000] "PUT http://my.site.com/pages/qzropwe/vgdwf.html HTTP/1.1" 100 6280
hostname xbbhph ujbnsw [08/Jul/2020:01:06:50 +0000] "HEAD http://my.site.com/home/mqcmz.php HTTP/1.1" 500 3391
hostname ttgilr zjbvdr [08/Jul/2020:01:06:51 +0000] "OPTIONS http://my.site.com/pages/fgxvvmkx/cct/obwoqoaj/ykynlt.php HTTP/1.1" 200 3668
hostname jdklln ndyxjd [08/Jul/2020:01:06:51 +0000] "PUT http://my.site.com/home/rkr/fpurpo/qpewytgky/mtcx.php HTTP/1.1" 100 2274
hostname xylbiq rwbchf [08/Jul/2020:01:06:51 +0000] "OPTIONS http://my.site.com/pages/hspk/qxusstlbj/utwwfw/iqbfmgec HTTP/1.1" 100 5150
hostname saajbo gutxem [08/Jul/2020:01:06:51 +0000] "PUT http://my.site.com/home/ HTTP/1.1" 400 4449
hostname srsuwb mquqnz [08/Jul/2020:01:06:51 +0000] "HEAD http://my.site.com/pages/ HTTP/1.1" 600 727
hostname vnagay gcvcqi [08/Jul/2020:01:06:51 +0000] "OPTIONS http://my.site.com/pages/ HTTP/1.1" 100 4387
hostname cjmoff jodnte [08/Jul/2020:01:06:51 +0000] "PUT http://my.site.com/pages/ HTTP/1.1" 300 6075
hostname dbpfcb halnvh [08/Jul/2020:01:06:51 +0000] "PUT http://my.site.com/pages/sjlyahxqft/zpa/egtzlwqba.html HTTP/1.1" 200 6576
hostname ndyvqb eyxfpd [08/Jul/2020:01:06:51 +0000] "POST http://my.site.com/pages/vgg/ivu/bdrho HTTP/1.1" 100 6644
hostname rcjtcr osafgk [08/Jul/2020:01:06:51 +0000] "HEAD http://my.site.com/pages/pexyhxzs/eeuolptk HTTP/1.1" 300 2070
hostname vknoff icoqwv [08/Jul/2020:01:06:52 +0000] "GET http://my.site.com/home/cnjvwtgb/rbvuxoez/yybv/ywudqzvy.php HTTP/1.1" 600 8951
hostname rsassc onjazc [08/Jul/2020:01:06:52 +0000] "PUT http://my.site.com/pages/rpmxty/kkwjiipysk.php HTTP/1.1" 100 1225
hostname bgjkzf qzkdjh [08/Jul/2020:01:06:52 +0000] "HEAD http://my.site.com/home/ HTTP/1.1" 500 8278
hostname jdjzib uurrrx [08/Jul/2020:01:06:52 +0000] "OPTIONS http://my.site.com/pages/lkd/qovui/yqqpeq/flyww.html HTTP/1.1" 500 8281
hostname cajeqg nrzywm [08/Jul/2020:01:06:52 +0000] "POST http://my.site.com/pages/ HTTP/1.1" 500 3436
hostname kxwbjb apvnxh [08/Jul/2020:01:06:52 +0000] "GET http://my.site.com/home/nfi.html HTTP/1.1" 200 9522
hostname ioxzmr vtklhi [08/Jul/2020:01:06:52 +0000] "PUT http://my.site.com/home/qlmxspna/zep HTTP/1.1" 200 3661
hostname zukzpr pcyivs [08/Jul/2020:01:06:52 +0000] "PUT http://my.site.com/pages/ghgyumli/rcotiqrf/wgyqtwpzia/hpg.php HTTP/1.1" 400 4831
hostname abqxqq rgyecr [08/Jul/2020:01:06:52 +0000] "OPTIONS http://my.site.com/home/ HTTP/1.1" 100 5640
